<?xml version="1.0" encoding="UTF-8"?>
<!-- Generated by org.testng.reporters.JUnitXMLReporter -->
<testsuite ignored="0" hostname="FBTCDEV3" failures="0" tests="13" name="Test" time="922.035" errors="0" timestamp="2023-03-21T13:46:44 UTC">
  <testcase classname="com.tc_awc.functionaltestcases.AWC_SubmitToWorkFlowEQR" name="submitToWorkflowEQRRelease_GeneralWIP" time="65.919"/>
  <testcase classname="com.tc_awc.functionaltestcases.AWC_SubmitToWorkFlowEQR" name="submitToWorkflowEQRRelease_P0WIP" time="65.542"/>
  <testcase classname="com.tc_awc.functionaltestcases.AWC_SubmitToWorkFlowEQR" name="submitToWorkflowEQRRelease_P1WIP" time="65.569"/>
  <testcase classname="com.tc_awc.functionaltestcases.AWC_SubmitToWorkFlowEQR" name="submitToWorkflowEQRRelease_P2WIP" time="65.214"/>
  <testcase classname="com.tc_awc.functionaltestcases.AWC_SubmitToWorkFlowEQR" name="submitToWorkflowEQRRelease_P3WIP" time="65.53"/>
  <testcase classname="com.tc_awc.functionaltestcases.AWC_SubmitToWorkFlowEQR" name="submitToWorkflowEQRRelease_EVT1WIP" time="65.436"/>
  <testcase classname="com.tc_awc.functionaltestcases.AWC_SubmitToWorkFlowEQR" name="submitToWorkflowEQRRelease_EVT2WIP" time="65.204"/>
  <testcase classname="com.tc_awc.functionaltestcases.AWC_SubmitToWorkFlowEQR" name="submitToWorkflowEQRRelease_EVT3WIP" time="66.32"/>
  <testcase classname="com.tc_awc.functionaltestcases.AWC_SubmitToWorkFlowEQR" name="submitToWorkflowEQRRelease_DVT1WIP" time="66.272"/>
  <testcase classname="com.tc_awc.functionaltestcases.AWC_SubmitToWorkFlowEQR" name="submitToWorkflowEQRRelease_DVT2WIP" time="64.953"/>
  <testcase classname="com.tc_awc.functionaltestcases.AWC_SubmitToWorkFlowEQR" name="submitToWorkflowEQRRelease_DVT3WIP" time="66.067"/>
  <testcase classname="com.tc_awc.functionaltestcases.AWC_SubmitToWorkFlowEQR" name="submitToWorkflowEQRRelease_PVT1WIP" time="65.72"/>
  <testcase classname="com.tc_awc.functionaltestcases.AWC_SubmitToWorkFlowEQR" name="submitToWorkflowEQRRelease_PVT2WIP" time="65.601"/>
</testsuite> <!-- Test -->
